C51 COMPILER V7.07   ISR                                                                   01/06/2020 12:32:24 PAGE 1   


C51 COMPILER V7.07, COMPILATION OF MODULE ISR
OBJECT MODULE PLACED IN .\Output\isr.obj
COMPILER INVOKED BY: C:\Keil\C51\BIN\C51.EXE Source\isr.c BROWSE INCDIR(C:\Documents and Settings\prku\Desktop\UART Debu
                    -g\) DEBUG OBJECTEXTEND PRINT(.\Output\isr.lst) OBJECT(.\Output\isr.obj)

stmt level    source

   1          #include <stdio.h>
   2          #include "fx2.h"
   3          #include "fx2regs.h"
   4          #include "fx2sdly.h"
   5          //extern WriteByteS0();
   6          extern  transmit();
   7          extern  transmit_1();
   8          xdata volatile unsigned char D2ON         _at_ 0x8800;
   9          xdata volatile unsigned char D2OFF        _at_ 0x8000;
  10          xdata volatile unsigned char D4ON         _at_ 0x8100;      
  11          xdata volatile unsigned char D4OFF        _at_ 0x8200;      
  12          unsigned char dut;
  13          unsigned char dut_1;
  14          static int w;
  15          static int v;
  16          
  17          void ISR_USART(void) interrupt 4
  18            { 
  19   1              if (RI)
  20   1                      {  
  21   2                              if((EP2468STAT & bmEP8EMPTY))   // check if EP8 is empty
  22   2                                      {  
  23   3                                               RI=0;
  24   3                                               EP8FIFOBUF [0] = SBUF0;// copies received data to SBUF0
  25   3                                               EP8BCH = 0;    
  26   3                                       SYNCDELAY;   
  27   3                                       EP8BCL = 1; 
  28   3                                       SYNCDELAY;  
  29   3                                           dut=D2ON;
  30   3                                           w^=1;      
  31   3                                               if (w)
  32   3                                             {
  33   4                                                 dut=D2OFF;
  34   4                                                      } 
  35   3                              }
  36   2                      }
  37   1                      if (TI)
  38   1                              {       
  39   2                                      TI=0;
  40   2                                      transmit();
  41   2                      }
  42   1      }
  43            
  44          void ISR_USART1(void) interrupt 7       // SERIAL PORT 1 INTERRUPT
  45          {
  46   1      
  47   1              if (RI1)
  48   1                      {  
  49   2                              if((EP2468STAT & bmEP6EMPTY))   // check if EP6 is empty
  50   2                                      {  
  51   3                                               RI1=0;
  52   3                                               EP6FIFOBUF [0] = SBUF1;// copies received data to SBUF0
  53   3                                               EP6BCH = 0;    
  54   3                                       SYNCDELAY;   
C51 COMPILER V7.07   ISR                                                                   01/06/2020 12:32:24 PAGE 2   

  55   3                                       EP6BCL = 1; 
  56   3                                       SYNCDELAY;  
  57   3                                           dut_1=D4ON;
  58   3                                           v^=1;      
  59   3                                               if (v)
  60   3                                             {
  61   4                                                 dut_1=D4OFF;
  62   4                                                      } 
  63   3                              }
  64   2                      }
  65   1                              if (TI1)
  66   1                                      {       
  67   2                                              TI1=0;
  68   2                                              transmit_1();
  69   2                              }
  70   1         }
  71           
  72          


MODULE INFORMATION:   STATIC OVERLAYABLE
   CODE SIZE        =    234    ----
   CONSTANT SIZE    =   ----    ----
   XDATA SIZE       =   ----    ----
   PDATA SIZE       =   ----    ----
   DATA SIZE        =      6    ----
   IDATA SIZE       =   ----    ----
   BIT SIZE         =   ----    ----
END OF MODULE INFORMATION.


C51 COMPILATION COMPLETE.  0 WARNING(S),  0 ERROR(S)
