This file contains any messages produced by compilers while
running configure, to aid debugging if configure makes a mistake.

It was created by dfu-util configure 0.7, which was
generated by GNU Autoconf 2.68.  Invocation command line was

  $ ./configure 

## --------- ##
## Platform. ##
## --------- ##

hostname = maddocks-Lenovo-YOGA-C630-13Q50
uname -m = aarch64
uname -r = 5.12.19-16ton
uname -s = Linux
uname -v = #12 SMP Sun Oct 31 11:38:53 EDT 2021

/usr/bin/uname -p = unknown
/bin/uname -X     = unknown

/bin/arch              = unknown
/usr/bin/arch -k       = unknown
/usr/convex/getsysinfo = unknown
/usr/bin/hostinfo      = unknown
/bin/machine           = unknown
/usr/bin/oslevel       = unknown
/bin/universe          = unknown

PATH: /home/maddocks/.local/bin
PATH: /home/maddocks/.cargo/bin
PATH: /home/maddocks/.local/bin
PATH: /home/maddocks/bin
PATH: /usr/share/safe-rm/bin
PATH: /opt/gradle/bin
PATH: /usr/local/sbin
PATH: /usr/local/bin
PATH: /usr/sbin
PATH: /usr/bin
PATH: /sbin
PATH: /bin
PATH: /usr/games
PATH: /usr/local/games
PATH: /snap/bin
PATH: /opt/GCBASIC
PATH: /opt/riscv-gnu-toolchain/bin
PATH: /opt/rv32-openocd/bin
PATH: /home/maddocks/.platformio/penv/bin
PATH: /home/maddocks/src/vcpkg
PATH: /opt/parallax/bin
PATH: /opt/parallax/SimpleIDE-1-1-2/bin
PATH: ~/.cargo/bin/


## ----------- ##
## Core tests. ##
## ----------- ##

configure:2241: checking for a BSD-compatible install
configure:2309: result: /usr/bin/install -c
configure:2320: checking whether build environment is sane
configure:2370: result: yes
configure:2511: checking for a thread-safe mkdir -p
configure:2550: result: /bin/mkdir -p
configure:2563: checking for gawk
configure:2579: found /usr/bin/gawk
configure:2590: result: gawk
configure:2601: checking whether make sets $(MAKE)
configure:2623: result: yes
configure:2718: checking whether make supports nested variables
configure:2735: result: yes
configure:2748: checking whether to enable maintainer-specific portions of Makefiles
configure:2757: result: no
configure:2820: checking for gcc
configure:2847: result: ccache gcc
configure:3076: checking for C compiler version
configure:3085: ccache gcc --version >&5
gcc (Ubuntu 10.3.0-1ubuntu1~20.04) 10.3.0
Copyright (C) 2020 Free Software Foundation, Inc.
This is free software; see the source for copying conditions.  There is NO
warranty; not even for MERCHANTABILITY or FITNESS FOR A PARTICULAR PURPOSE.

configure:3096: $? = 0
configure:3085: ccache gcc -v >&5
Using built-in specs.
COLLECT_GCC=/usr/bin/gcc
COLLECT_LTO_WRAPPER=/usr/lib/gcc/aarch64-linux-gnu/10/lto-wrapper
Target: aarch64-linux-gnu
Configured with: ../src/configure -v --with-pkgversion='Ubuntu 10.3.0-1ubuntu1~20.04' --with-bugurl=file:///usr/share/doc/gcc-10/README.Bugs --enable-languages=c,ada,c++,go,d,fortran,objc,obj-c++,m2 --prefix=/usr --with-gcc-major-version-only --program-suffix=-10 --program-prefix=aarch64-linux-gnu- --enable-shared --enable-linker-build-id --libexecdir=/usr/lib --without-included-gettext --enable-threads=posix --libdir=/usr/lib --enable-nls --enable-bootstrap --enable-clocale=gnu --enable-libstdcxx-debug --enable-libstdcxx-time=yes --with-default-libstdcxx-abi=new --enable-gnu-unique-object --disable-libquadmath --disable-libquadmath-support --enable-plugin --enable-default-pie --with-system-zlib --enable-libphobos-checking=release --with-target-system-zlib=auto --enable-objc-gc=auto --enable-multiarch --enable-fix-cortex-a53-843419 --disable-werror --enable-checking=release --build=aarch64-linux-gnu --host=aarch64-linux-gnu --target=aarch64-linux-gnu --with-build-config=bootstrap-lto-lean --enable-link-mutex
Thread model: posix
Supported LTO compression algorithms: zlib zstd
gcc version 10.3.0 (Ubuntu 10.3.0-1ubuntu1~20.04) 
configure:3096: $? = 0
configure:3085: ccache gcc -V >&5
gcc: error: unrecognized command-line option '-V'
gcc: fatal error: no input files
compilation terminated.
configure:3096: $? = 1
configure:3085: ccache gcc -qversion >&5
gcc: error: unrecognized command-line option '-qversion'; did you mean '--version'?
gcc: fatal error: no input files
compilation terminated.
configure:3096: $? = 1
configure:3116: checking whether the C compiler works
configure:3138: ccache gcc    conftest.c  >&5
configure:3142: $? = 0
configure:3190: result: yes
configure:3193: checking for C compiler default output file name
configure:3195: result: a.out
configure:3201: checking for suffix of executables
configure:3208: ccache gcc -o conftest    conftest.c  >&5
configure:3212: $? = 0
configure:3234: result: 
configure:3256: checking whether we are cross compiling
configure:3264: ccache gcc -o conftest    conftest.c  >&5
configure:3268: $? = 0
configure:3275: ./conftest
configure:3279: $? = 0
configure:3267: result: no
configure:3272: checking for suffix of object files
configure:3294: ccache gcc -c   conftest.c >&5
configure:3298: $? = 0
configure:3319: result: o
configure:3323: checking whether we are using the GNU C compiler
configure:3342: ccache gcc -c   conftest.c >&5
configure:3342: $? = 0
configure:3351: result: yes
configure:3360: checking whether ccache gcc accepts -g
configure:3380: ccache gcc -c -g  conftest.c >&5
configure:3380: $? = 0
configure:3421: result: yes
configure:3438: checking for ccache gcc option to accept ISO C89
configure:3502: ccache gcc  -c -g -O2  conftest.c >&5
configure:3502: $? = 0
configure:3515: result: none needed
configure:3546: checking for style of include used by make
configure:3574: result: GNU
configure:3600: checking dependency style of ccache gcc
configure:3711: result: gcc3
configure:3730: checking for libusb_init in -lusb
configure:3755: ccache gcc -o conftest -g -O2   conftest.c -lusb   >&5
/usr/bin/ld: /tmp/ccHFEq3C.o: in function `main':
/home/maddocks/linux-notes/openocd-stm32/lpc4370/dfu-util-0.7/conftest.c:22: undefined reference to `libusb_init'
collect2: error: ld returned 1 exit status
configure:3755: $? = 1
configure: failed program was:
| /* confdefs.h */
| #define PACKAGE_NAME "dfu-util"
| #define PACKAGE_TARNAME "dfu-util"
| #define PACKAGE_VERSION "0.7"
| #define PACKAGE_STRING "dfu-util 0.7"
| #define PACKAGE_BUGREPORT "dfu-util@lists.gnumonks.org"
| #define PACKAGE_URL "http://dfu-util.gnumonks.org"
| #define PACKAGE "dfu-util"
| #define VERSION "0.7"
| /* end confdefs.h.  */
| 
| /* Override any GCC internal prototype to avoid an error.
|    Use char because int might match the return type of a GCC
|    builtin and then its argument prototype would still apply.  */
| #ifdef __cplusplus
| extern "C"
| #endif
| char libusb_init ();
| int
| main ()
| {
| return libusb_init ();
|   ;
|   return 0;
| }
configure:3764: result: no
configure:3831: checking for pkg-config
configure:3849: found /usr/bin/pkg-config
configure:3861: result: /usr/bin/pkg-config
configure:3886: checking pkg-config is at least version 0.9.0
configure:3889: result: yes
configure:3901: checking for USB
configure:3908: $PKG_CONFIG --exists --print-errors "libusb-1.0 >= 1.0.0"
configure:3911: $? = 0
configure:3925: $PKG_CONFIG --exists --print-errors "libusb-1.0 >= 1.0.0"
configure:3928: $? = 0
configure:3966: result: yes
configure:3972: checking for usb_path2devnum in -lusbpath
configure:3997: ccache gcc -o conftest -g -O2   conftest.c -lusbpath -lusb  >&5
/usr/bin/ld: cannot find -lusbpath
collect2: error: ld returned 1 exit status
configure:3997: $? = 1
configure: failed program was:
| /* confdefs.h */
| #define PACKAGE_NAME "dfu-util"
| #define PACKAGE_TARNAME "dfu-util"
| #define PACKAGE_VERSION "0.7"
| #define PACKAGE_STRING "dfu-util 0.7"
| #define PACKAGE_BUGREPORT "dfu-util@lists.gnumonks.org"
| #define PACKAGE_URL "http://dfu-util.gnumonks.org"
| #define PACKAGE "dfu-util"
| #define VERSION "0.7"
| /* end confdefs.h.  */
| 
| /* Override any GCC internal prototype to avoid an error.
|    Use char because int might match the return type of a GCC
|    builtin and then its argument prototype would still apply.  */
| #ifdef __cplusplus
| extern "C"
| #endif
| char usb_path2devnum ();
| int
| main ()
| {
| return usb_path2devnum ();
|   ;
|   return 0;
| }
configure:4006: result: no
configure:4027: checking how to run the C preprocessor
configure:4058: ccache gcc -E  conftest.c
configure:4058: $? = 0
configure:4072: ccache gcc -E  conftest.c
conftest.c:11:10: fatal error: ac_nonexistent.h: No such file or directory
   11 | #include <ac_nonexistent.h>
      |          ^~~~~~~~~~~~~~~~~~
compilation terminated.
configure:4072: $? = 1
configure: failed program was:
| /* confdefs.h */
| #define PACKAGE_NAME "dfu-util"
| #define PACKAGE_TARNAME "dfu-util"
| #define PACKAGE_VERSION "0.7"
| #define PACKAGE_STRING "dfu-util 0.7"
| #define PACKAGE_BUGREPORT "dfu-util@lists.gnumonks.org"
| #define PACKAGE_URL "http://dfu-util.gnumonks.org"
| #define PACKAGE "dfu-util"
| #define VERSION "0.7"
| /* end confdefs.h.  */
| #include <ac_nonexistent.h>
configure:4097: result: ccache gcc -E
configure:4117: ccache gcc -E  conftest.c
configure:4117: $? = 0
configure:4131: ccache gcc -E  conftest.c
conftest.c:11:10: fatal error: ac_nonexistent.h: No such file or directory
   11 | #include <ac_nonexistent.h>
      |          ^~~~~~~~~~~~~~~~~~
compilation terminated.
configure:4131: $? = 1
configure: failed program was:
| /* confdefs.h */
| #define PACKAGE_NAME "dfu-util"
| #define PACKAGE_TARNAME "dfu-util"
| #define PACKAGE_VERSION "0.7"
| #define PACKAGE_STRING "dfu-util 0.7"
| #define PACKAGE_BUGREPORT "dfu-util@lists.gnumonks.org"
| #define PACKAGE_URL "http://dfu-util.gnumonks.org"
| #define PACKAGE "dfu-util"
| #define VERSION "0.7"
| /* end confdefs.h.  */
| #include <ac_nonexistent.h>
configure:4160: checking for grep that handles long lines and -e
configure:4218: result: /bin/grep
configure:4223: checking for egrep
configure:4285: result: /bin/grep -E
configure:4290: checking for ANSI C header files
configure:4310: ccache gcc -c -g -O2 -I/usr/include/libusb-1.0  conftest.c >&5
configure:4310: $? = 0
configure:4383: ccache gcc -o conftest -g -O2 -I/usr/include/libusb-1.0   conftest.c  -lusb-1.0 >&5
configure:4383: $? = 0
configure:4383: ./conftest
configure:4383: $? = 0
configure:4394: result: yes
configure:4407: checking for sys/types.h
configure:4407: ccache gcc -c -g -O2 -I/usr/include/libusb-1.0  conftest.c >&5
configure:4407: $? = 0
configure:4407: result: yes
configure:4407: checking for sys/stat.h
configure:4407: ccache gcc -c -g -O2 -I/usr/include/libusb-1.0  conftest.c >&5
configure:4407: $? = 0
configure:4407: result: yes
configure:4407: checking for stdlib.h
configure:4407: ccache gcc -c -g -O2 -I/usr/include/libusb-1.0  conftest.c >&5
configure:4407: $? = 0
configure:4407: result: yes
configure:4407: checking for string.h
configure:4407: ccache gcc -c -g -O2 -I/usr/include/libusb-1.0  conftest.c >&5
configure:4407: $? = 0
configure:4407: result: yes
configure:4407: checking for memory.h
configure:4407: ccache gcc -c -g -O2 -I/usr/include/libusb-1.0  conftest.c >&5
configure:4407: $? = 0
configure:4407: result: yes
configure:4407: checking for strings.h
configure:4407: ccache gcc -c -g -O2 -I/usr/include/libusb-1.0  conftest.c >&5
configure:4407: $? = 0
configure:4407: result: yes
configure:4407: checking for inttypes.h
configure:4407: ccache gcc -c -g -O2 -I/usr/include/libusb-1.0  conftest.c >&5
configure:4407: $? = 0
configure:4407: result: yes
configure:4407: checking for stdint.h
configure:4407: ccache gcc -c -g -O2 -I/usr/include/libusb-1.0  conftest.c >&5
configure:4407: $? = 0
configure:4407: result: yes
configure:4407: checking for unistd.h
configure:4407: ccache gcc -c -g -O2 -I/usr/include/libusb-1.0  conftest.c >&5
configure:4407: $? = 0
configure:4407: result: yes
configure:4422: checking usbpath.h usability
configure:4422: ccache gcc -c -g -O2 -I/usr/include/libusb-1.0  conftest.c >&5
conftest.c:54:10: fatal error: usbpath.h: No such file or directory
   54 | #include <usbpath.h>
      |          ^~~~~~~~~~~
compilation terminated.
configure:4422: $? = 1
configure: failed program was:
| /* confdefs.h */
| #define PACKAGE_NAME "dfu-util"
| #define PACKAGE_TARNAME "dfu-util"
| #define PACKAGE_VERSION "0.7"
| #define PACKAGE_STRING "dfu-util 0.7"
| #define PACKAGE_BUGREPORT "dfu-util@lists.gnumonks.org"
| #define PACKAGE_URL "http://dfu-util.gnumonks.org"
| #define PACKAGE "dfu-util"
| #define VERSION "0.7"
| #define STDC_HEADERS 1
| #define HAVE_SYS_TYPES_H 1
| #define HAVE_SYS_STAT_H 1
| #define HAVE_STDLIB_H 1
| #define HAVE_STRING_H 1
| #define HAVE_MEMORY_H 1
| #define HAVE_STRINGS_H 1
| #define HAVE_INTTYPES_H 1
| #define HAVE_STDINT_H 1
| #define HAVE_UNISTD_H 1
| /* end confdefs.h.  */
| #include <stdio.h>
| #ifdef HAVE_SYS_TYPES_H
| # include <sys/types.h>
| #endif
| #ifdef HAVE_SYS_STAT_H
| # include <sys/stat.h>
| #endif
| #ifdef STDC_HEADERS
| # include <stdlib.h>
| # include <stddef.h>
| #else
| # ifdef HAVE_STDLIB_H
| #  include <stdlib.h>
| # endif
| #endif
| #ifdef HAVE_STRING_H
| # if !defined STDC_HEADERS && defined HAVE_MEMORY_H
| #  include <memory.h>
| # endif
| # include <string.h>
| #endif
| #ifdef HAVE_STRINGS_H
| # include <strings.h>
| #endif
| #ifdef HAVE_INTTYPES_H
| # include <inttypes.h>
| #endif
| #ifdef HAVE_STDINT_H
| # include <stdint.h>
| #endif
| #ifdef HAVE_UNISTD_H
| # include <unistd.h>
| #endif
| #include <usbpath.h>
configure:4422: result: no
configure:4422: checking usbpath.h presence
configure:4422: ccache gcc -E  conftest.c
conftest.c:21:10: fatal error: usbpath.h: No such file or directory
   21 | #include <usbpath.h>
      |          ^~~~~~~~~~~
compilation terminated.
configure:4422: $? = 1
configure: failed program was:
| /* confdefs.h */
| #define PACKAGE_NAME "dfu-util"
| #define PACKAGE_TARNAME "dfu-util"
| #define PACKAGE_VERSION "0.7"
| #define PACKAGE_STRING "dfu-util 0.7"
| #define PACKAGE_BUGREPORT "dfu-util@lists.gnumonks.org"
| #define PACKAGE_URL "http://dfu-util.gnumonks.org"
| #define PACKAGE "dfu-util"
| #define VERSION "0.7"
| #define STDC_HEADERS 1
| #define HAVE_SYS_TYPES_H 1
| #define HAVE_SYS_STAT_H 1
| #define HAVE_STDLIB_H 1
| #define HAVE_STRING_H 1
| #define HAVE_MEMORY_H 1
| #define HAVE_STRINGS_H 1
| #define HAVE_INTTYPES_H 1
| #define HAVE_STDINT_H 1
| #define HAVE_UNISTD_H 1
| /* end confdefs.h.  */
| #include <usbpath.h>
configure:4422: result: no
configure:4422: checking for usbpath.h
configure:4422: result: no
configure:4422: checking windows.h usability
configure:4422: ccache gcc -c -g -O2 -I/usr/include/libusb-1.0  conftest.c >&5
conftest.c:54:10: fatal error: windows.h: No such file or directory
   54 | #include <windows.h>
      |          ^~~~~~~~~~~
compilation terminated.
configure:4422: $? = 1
configure: failed program was:
| /* confdefs.h */
| #define PACKAGE_NAME "dfu-util"
| #define PACKAGE_TARNAME "dfu-util"
| #define PACKAGE_VERSION "0.7"
| #define PACKAGE_STRING "dfu-util 0.7"
| #define PACKAGE_BUGREPORT "dfu-util@lists.gnumonks.org"
| #define PACKAGE_URL "http://dfu-util.gnumonks.org"
| #define PACKAGE "dfu-util"
| #define VERSION "0.7"
| #define STDC_HEADERS 1
| #define HAVE_SYS_TYPES_H 1
| #define HAVE_SYS_STAT_H 1
| #define HAVE_STDLIB_H 1
| #define HAVE_STRING_H 1
| #define HAVE_MEMORY_H 1
| #define HAVE_STRINGS_H 1
| #define HAVE_INTTYPES_H 1
| #define HAVE_STDINT_H 1
| #define HAVE_UNISTD_H 1
| /* end confdefs.h.  */
| #include <stdio.h>
| #ifdef HAVE_SYS_TYPES_H
| # include <sys/types.h>
| #endif
| #ifdef HAVE_SYS_STAT_H
| # include <sys/stat.h>
| #endif
| #ifdef STDC_HEADERS
| # include <stdlib.h>
| # include <stddef.h>
| #else
| # ifdef HAVE_STDLIB_H
| #  include <stdlib.h>
| # endif
| #endif
| #ifdef HAVE_STRING_H
| # if !defined STDC_HEADERS && defined HAVE_MEMORY_H
| #  include <memory.h>
| # endif
| # include <string.h>
| #endif
| #ifdef HAVE_STRINGS_H
| # include <strings.h>
| #endif
| #ifdef HAVE_INTTYPES_H
| # include <inttypes.h>
| #endif
| #ifdef HAVE_STDINT_H
| # include <stdint.h>
| #endif
| #ifdef HAVE_UNISTD_H
| # include <unistd.h>
| #endif
| #include <windows.h>
configure:4422: result: no
configure:4422: checking windows.h presence
configure:4422: ccache gcc -E  conftest.c
conftest.c:21:10: fatal error: windows.h: No such file or directory
   21 | #include <windows.h>
      |          ^~~~~~~~~~~
compilation terminated.
configure:4422: $? = 1
configure: failed program was:
| /* confdefs.h */
| #define PACKAGE_NAME "dfu-util"
| #define PACKAGE_TARNAME "dfu-util"
| #define PACKAGE_VERSION "0.7"
| #define PACKAGE_STRING "dfu-util 0.7"
| #define PACKAGE_BUGREPORT "dfu-util@lists.gnumonks.org"
| #define PACKAGE_URL "http://dfu-util.gnumonks.org"
| #define PACKAGE "dfu-util"
| #define VERSION "0.7"
| #define STDC_HEADERS 1
| #define HAVE_SYS_TYPES_H 1
| #define HAVE_SYS_STAT_H 1
| #define HAVE_STDLIB_H 1
| #define HAVE_STRING_H 1
| #define HAVE_MEMORY_H 1
| #define HAVE_STRINGS_H 1
| #define HAVE_INTTYPES_H 1
| #define HAVE_STDINT_H 1
| #define HAVE_UNISTD_H 1
| /* end confdefs.h.  */
| #include <windows.h>
configure:4422: result: no
configure:4422: checking for windows.h
configure:4422: result: no
configure:4434: checking for an ANSI C-conforming const
configure:4499: ccache gcc -c -g -O2 -I/usr/include/libusb-1.0  conftest.c >&5
configure:4499: $? = 0
configure:4506: result: yes
configure:4514: checking for size_t
configure:4514: ccache gcc -c -g -O2 -I/usr/include/libusb-1.0  conftest.c >&5
configure:4514: $? = 0
configure:4514: ccache gcc -c -g -O2 -I/usr/include/libusb-1.0  conftest.c >&5
conftest.c: In function 'main':
conftest.c:57:21: error: expected expression before ')' token
   57 | if (sizeof ((size_t)))
      |                     ^
configure:4514: $? = 1
configure: failed program was:
| /* confdefs.h */
| #define PACKAGE_NAME "dfu-util"
| #define PACKAGE_TARNAME "dfu-util"
| #define PACKAGE_VERSION "0.7"
| #define PACKAGE_STRING "dfu-util 0.7"
| #define PACKAGE_BUGREPORT "dfu-util@lists.gnumonks.org"
| #define PACKAGE_URL "http://dfu-util.gnumonks.org"
| #define PACKAGE "dfu-util"
| #define VERSION "0.7"
| #define STDC_HEADERS 1
| #define HAVE_SYS_TYPES_H 1
| #define HAVE_SYS_STAT_H 1
| #define HAVE_STDLIB_H 1
| #define HAVE_STRING_H 1
| #define HAVE_MEMORY_H 1
| #define HAVE_STRINGS_H 1
| #define HAVE_INTTYPES_H 1
| #define HAVE_STDINT_H 1
| #define HAVE_UNISTD_H 1
| /* end confdefs.h.  */
| #include <stdio.h>
| #ifdef HAVE_SYS_TYPES_H
| # include <sys/types.h>
| #endif
| #ifdef HAVE_SYS_STAT_H
| # include <sys/stat.h>
| #endif
| #ifdef STDC_HEADERS
| # include <stdlib.h>
| # include <stddef.h>
| #else
| # ifdef HAVE_STDLIB_H
| #  include <stdlib.h>
| # endif
| #endif
| #ifdef HAVE_STRING_H
| # if !defined STDC_HEADERS && defined HAVE_MEMORY_H
| #  include <memory.h>
| # endif
| # include <string.h>
| #endif
| #ifdef HAVE_STRINGS_H
| # include <strings.h>
| #endif
| #ifdef HAVE_INTTYPES_H
| # include <inttypes.h>
| #endif
| #ifdef HAVE_STDINT_H
| # include <stdint.h>
| #endif
| #ifdef HAVE_UNISTD_H
| # include <unistd.h>
| #endif
| int
| main ()
| {
| if (sizeof ((size_t)))
| 	    return 0;
|   ;
|   return 0;
| }
configure:4514: result: yes
configure:4527: checking for working memcmp
configure:4570: ccache gcc -o conftest -g -O2 -I/usr/include/libusb-1.0   conftest.c  -lusb-1.0 >&5
configure:4570: $? = 0
configure:4570: ./conftest
configure:4570: $? = 0
configure:4580: result: yes
configure:4592: checking for ftruncate
configure:4592: ccache gcc -o conftest -g -O2 -I/usr/include/libusb-1.0   conftest.c  -lusb-1.0 >&5
configure:4592: $? = 0
configure:4592: result: yes
configure:4592: checking for getpagesize
configure:4592: ccache gcc -o conftest -g -O2 -I/usr/include/libusb-1.0   conftest.c  -lusb-1.0 >&5
configure:4592: $? = 0
configure:4592: result: yes
configure:4592: checking for usleep
configure:4592: ccache gcc -o conftest -g -O2 -I/usr/include/libusb-1.0   conftest.c  -lusb-1.0 >&5
configure:4592: $? = 0
configure:4592: result: yes
configure:4730: creating ./config.status

## ---------------------- ##
## Running config.status. ##
## ---------------------- ##

This file was extended by dfu-util config.status 0.7, which was
generated by GNU Autoconf 2.68.  Invocation command line was

  CONFIG_FILES    = 
  CONFIG_HEADERS  = 
  CONFIG_LINKS    = 
  CONFIG_COMMANDS = 
  $ ./config.status 

on maddocks-Lenovo-YOGA-C630-13Q50

config.status:874: creating Makefile
config.status:874: creating src/Makefile
config.status:874: creating doc/Makefile
config.status:874: creating config.h
config.status:1103: executing depfiles commands

## ---------------- ##
## Cache variables. ##
## ---------------- ##

ac_cv_c_compiler_gnu=yes
ac_cv_c_const=yes
ac_cv_env_CC_set=set
ac_cv_env_CC_value='ccache gcc'
ac_cv_env_CFLAGS_set=
ac_cv_env_CFLAGS_value=
ac_cv_env_CPPFLAGS_set=
ac_cv_env_CPPFLAGS_value=
ac_cv_env_CPP_set=
ac_cv_env_CPP_value=
ac_cv_env_LDFLAGS_set=
ac_cv_env_LDFLAGS_value=
ac_cv_env_LIBS_set=
ac_cv_env_LIBS_value=
ac_cv_env_PKG_CONFIG_LIBDIR_set=
ac_cv_env_PKG_CONFIG_LIBDIR_value=
ac_cv_env_PKG_CONFIG_PATH_set=
ac_cv_env_PKG_CONFIG_PATH_value=
ac_cv_env_PKG_CONFIG_set=
ac_cv_env_PKG_CONFIG_value=
ac_cv_env_USB_CFLAGS_set=
ac_cv_env_USB_CFLAGS_value=
ac_cv_env_USB_LIBS_set=
ac_cv_env_USB_LIBS_value=
ac_cv_env_build_alias_set=
ac_cv_env_build_alias_value=
ac_cv_env_host_alias_set=
ac_cv_env_host_alias_value=
ac_cv_env_target_alias_set=
ac_cv_env_target_alias_value=
ac_cv_func_ftruncate=yes
ac_cv_func_getpagesize=yes
ac_cv_func_memcmp_working=yes
ac_cv_func_usleep=yes
ac_cv_header_inttypes_h=yes
ac_cv_header_memory_h=yes
ac_cv_header_stdc=yes
ac_cv_header_stdint_h=yes
ac_cv_header_stdlib_h=yes
ac_cv_header_string_h=yes
ac_cv_header_strings_h=yes
ac_cv_header_sys_stat_h=yes
ac_cv_header_sys_types_h=yes
ac_cv_header_unistd_h=yes
ac_cv_header_usbpath_h=no
ac_cv_header_windows_h=no
ac_cv_lib_usb_libusb_init=no
ac_cv_lib_usbpath_usb_path2devnum=no
ac_cv_objext=o
ac_cv_path_EGREP='/bin/grep -E'
ac_cv_path_GREP=/bin/grep
ac_cv_path_ac_pt_PKG_CONFIG=/usr/bin/pkg-config
ac_cv_path_install='/usr/bin/install -c'
ac_cv_path_mkdir=/bin/mkdir
ac_cv_prog_AWK=gawk
ac_cv_prog_CPP='ccache gcc -E'
ac_cv_prog_ac_ct_CC='ccache gcc'
ac_cv_prog_cc_c89=
ac_cv_prog_cc_g=yes
ac_cv_prog_make_make_set=yes
ac_cv_type_size_t=yes
am_cv_CC_dependencies_compiler_type=gcc3
am_cv_make_support_nested_variables=yes
pkg_cv_USB_CFLAGS=-I/usr/include/libusb-1.0
pkg_cv_USB_LIBS=-lusb-1.0

## ----------------- ##
## Output variables. ##
## ----------------- ##

ACLOCAL='${SHELL} /home/maddocks/linux-notes/openocd-stm32/lpc4370/dfu-util-0.7/m4/missing --run aclocal-1.11'
AMDEPBACKSLASH='\'
AMDEP_FALSE='#'
AMDEP_TRUE=''
AMTAR='$${TAR-tar}'
AM_BACKSLASH='\'
AM_DEFAULT_V='$(AM_DEFAULT_VERBOSITY)'
AM_DEFAULT_VERBOSITY='0'
AM_V='$(V)'
AUTOCONF='${SHELL} /home/maddocks/linux-notes/openocd-stm32/lpc4370/dfu-util-0.7/m4/missing --run autoconf'
AUTOHEADER='${SHELL} /home/maddocks/linux-notes/openocd-stm32/lpc4370/dfu-util-0.7/m4/missing --run autoheader'
AUTOMAKE='${SHELL} /home/maddocks/linux-notes/openocd-stm32/lpc4370/dfu-util-0.7/m4/missing --run automake-1.11'
AWK='gawk'
CC='ccache gcc'
CCDEPMODE='depmode=gcc3'
CFLAGS='-g -O2 -I/usr/include/libusb-1.0'
CPP='ccache gcc -E'
CPPFLAGS=''
CYGPATH_W='echo'
DEFS='-DHAVE_CONFIG_H'
DEPDIR='.deps'
ECHO_C=''
ECHO_N='-n'
ECHO_T=''
EGREP='/bin/grep -E'
EXEEXT=''
GREP='/bin/grep'
INSTALL_DATA='${INSTALL} -m 644'
INSTALL_PROGRAM='${INSTALL}'
INSTALL_SCRIPT='${INSTALL}'
INSTALL_STRIP_PROGRAM='$(install_sh) -c -s'
LDFLAGS=''
LIBOBJS=''
LIBS=' -lusb-1.0'
LTLIBOBJS=''
MAINT='#'
MAINTAINER_MODE_FALSE=''
MAINTAINER_MODE_TRUE='#'
MAKEINFO='${SHELL} /home/maddocks/linux-notes/openocd-stm32/lpc4370/dfu-util-0.7/m4/missing --run makeinfo'
MKDIR_P='/bin/mkdir -p'
OBJEXT='o'
PACKAGE='dfu-util'
PACKAGE_BUGREPORT='dfu-util@lists.gnumonks.org'
PACKAGE_NAME='dfu-util'
PACKAGE_STRING='dfu-util 0.7'
PACKAGE_TARNAME='dfu-util'
PACKAGE_URL='http://dfu-util.gnumonks.org'
PACKAGE_VERSION='0.7'
PATH_SEPARATOR=':'
PKG_CONFIG='/usr/bin/pkg-config'
PKG_CONFIG_LIBDIR=''
PKG_CONFIG_PATH=''
SET_MAKE=''
SHELL='/bin/sh'
STRIP=''
USB_CFLAGS='-I/usr/include/libusb-1.0'
USB_LIBS='-lusb-1.0'
VERSION='0.7'
ac_ct_CC='ccache gcc'
am__EXEEXT_FALSE=''
am__EXEEXT_TRUE='#'
am__fastdepCC_FALSE='#'
am__fastdepCC_TRUE=''
am__include='include'
am__isrc=''
am__leading_dot='.'
am__nodep='_no'
am__quote=''
am__tar='$${TAR-tar} chof - "$$tardir"'
am__untar='$${TAR-tar} xf -'
bindir='${exec_prefix}/bin'
build_alias=''
datadir='${datarootdir}'
datarootdir='${prefix}/share'
docdir='${datarootdir}/doc/${PACKAGE_TARNAME}'
dvidir='${docdir}'
exec_prefix='${prefix}'
host_alias=''
htmldir='${docdir}'
includedir='${prefix}/include'
infodir='${datarootdir}/info'
install_sh='${SHELL} /home/maddocks/linux-notes/openocd-stm32/lpc4370/dfu-util-0.7/m4/install-sh'
libdir='${exec_prefix}/lib'
libexecdir='${exec_prefix}/libexec'
localedir='${datarootdir}/locale'
localstatedir='${prefix}/var'
mandir='${datarootdir}/man'
mkdir_p='/bin/mkdir -p'
oldincludedir='/usr/include'
pdfdir='${docdir}'
prefix='/usr/local'
program_transform_name='s,x,x,'
psdir='${docdir}'
sbindir='${exec_prefix}/sbin'
sharedstatedir='${prefix}/com'
sysconfdir='${prefix}/etc'
target_alias=''

## ----------- ##
## confdefs.h. ##
## ----------- ##

/* confdefs.h */
#define PACKAGE_NAME "dfu-util"
#define PACKAGE_TARNAME "dfu-util"
#define PACKAGE_VERSION "0.7"
#define PACKAGE_STRING "dfu-util 0.7"
#define PACKAGE_BUGREPORT "dfu-util@lists.gnumonks.org"
#define PACKAGE_URL "http://dfu-util.gnumonks.org"
#define PACKAGE "dfu-util"
#define VERSION "0.7"
#define STDC_HEADERS 1
#define HAVE_SYS_TYPES_H 1
#define HAVE_SYS_STAT_H 1
#define HAVE_STDLIB_H 1
#define HAVE_STRING_H 1
#define HAVE_MEMORY_H 1
#define HAVE_STRINGS_H 1
#define HAVE_INTTYPES_H 1
#define HAVE_STDINT_H 1
#define HAVE_UNISTD_H 1
#define HAVE_FTRUNCATE 1
#define HAVE_GETPAGESIZE 1
#define HAVE_USLEEP 1

configure: exit 0
